<?xml version="1.0" encoding="UTF-8"?>
<!-- Generated by org.testng.reporters.JUnitReportReporter -->
<testsuite hostname="MinhNH" failures="0" tests="13" name="com.poly.service.testng.UserServiceTest" time="0.154" errors="0" timestamp="2021-12-12T22:03:17 ICT" skipped="0">
  <testcase classname="com.poly.service.testng.UserServiceTest" name="testUserEdit3" time="0.006"/>
  <system-out/>
  <testcase classname="com.poly.service.testng.UserServiceTest" name="testUserAdd3" time="0.002"/>
  <system-out/>
  <testcase classname="com.poly.service.testng.UserServiceTest" name="testUserEdit1" time="0.023"/>
  <system-out/>
  <testcase classname="com.poly.service.testng.UserServiceTest" name="testUserAdd2" time="0.001"/>
  <system-out/>
  <testcase classname="com.poly.service.testng.UserServiceTest" name="testUserDelete1" time="0.019"/>
  <system-out/>
  <testcase classname="com.poly.service.testng.UserServiceTest" name="testUserList1" time="0.026"/>
  <system-out/>
  <testcase classname="com.poly.service.testng.UserServiceTest" name="testUserList2" time="0.009"/>
  <system-out/>
  <testcase classname="com.poly.service.testng.UserServiceTest" name="testUserSearch2" time="0.006"/>
  <system-out/>
  <testcase classname="com.poly.service.testng.UserServiceTest" name="testUserSearch1" time="0.001"/>
  <system-out/>
  <testcase classname="com.poly.service.testng.UserServiceTest" name="testUserEdit2" time="0.004"/>
  <system-out/>
  <testcase classname="com.poly.service.testng.UserServiceTest" name="testUserAdd1" time="0.018"/>
  <system-out/>
  <testcase classname="com.poly.service.testng.UserServiceTest" name="testUserAdd5" time="0.034"/>
  <system-out/>
  <testcase classname="com.poly.service.testng.UserServiceTest" name="testUserAdd4" time="0.005"/>
  <system-out/>
</testsuite> <!-- com.poly.service.testng.UserServiceTest -->
