<?xml version="1.0" encoding="UTF-8"?>
<!-- Generated by org.testng.reporters.JUnitReportReporter -->
<testsuite hostname="MinhNH" failures="0" tests="7" name="com.poly.service.testng_selenium.FavoriteTest" time="30.054" errors="0" timestamp="2021-12-13T08:26:04 ICT" skipped="0">
  <testcase classname="com.poly.service.testng_selenium.FavoriteTest" name="processLogin" time="2.895"/>
  <system-out/>
  <testcase classname="com.poly.service.testng_selenium.FavoriteTest" name="insertFavorite" time="9.983"/>
  <system-out/>
  <testcase classname="com.poly.service.testng_selenium.FavoriteTest" name="insertFavorite" time="6.170"/>
  <system-out/>
  <testcase classname="com.poly.service.testng_selenium.FavoriteTest" name="insertFavorite" time="6.974"/>
  <system-out/>
  <testcase classname="com.poly.service.testng_selenium.FavoriteTest" name="deleteFavorite" time="1.349"/>
  <system-out/>
  <testcase classname="com.poly.service.testng_selenium.FavoriteTest" name="deleteFavorite" time="1.401"/>
  <system-out/>
  <testcase classname="com.poly.service.testng_selenium.FavoriteTest" name="deleteFavorite" time="1.282"/>
  <system-out/>
</testsuite> <!-- com.poly.service.testng_selenium.FavoriteTest -->
