<?xml version="1.0" encoding="UTF-8"?>
<!-- Generated by org.testng.reporters.JUnitReportReporter -->
<testsuite hostname="MinhNH" failures="0" tests="6" name="com.poly.service.testng.ShareServiceTest" time="0.062" errors="0" timestamp="2021-12-12T22:03:17 ICT" skipped="0">
  <testcase classname="com.poly.service.testng.ShareServiceTest" name="testShareAdd3" time="0.006"/>
  <system-out/>
  <testcase classname="com.poly.service.testng.ShareServiceTest" name="testShareList3" time="0.001"/>
  <system-out/>
  <testcase classname="com.poly.service.testng.ShareServiceTest" name="testShareAdd1" time="0.021"/>
  <system-out/>
  <testcase classname="com.poly.service.testng.ShareServiceTest" name="testShareAdd2" time="0.001"/>
  <system-out/>
  <testcase classname="com.poly.service.testng.ShareServiceTest" name="testShareList1" time="0.032"/>
  <system-out/>
  <testcase classname="com.poly.service.testng.ShareServiceTest" name="testShareList2" time="0.001"/>
  <system-out/>
</testsuite> <!-- com.poly.service.testng.ShareServiceTest -->
