<?xml version="1.0" encoding="UTF-8"?>
<!-- Generated by org.testng.reporters.JUnitReportReporter -->
<testsuite hostname="MinhNH" failures="0" tests="15" name="com.poly.service.testng.HistoryServiceTest" time="0.247" errors="0" timestamp="2021-12-12T22:03:17 ICT" skipped="0">
  <testcase classname="com.poly.service.testng.HistoryServiceTest" name="testHistoryDelete3" time="0.001"/>
  <system-out/>
  <testcase classname="com.poly.service.testng.HistoryServiceTest" name="testHistoryDelete1" time="0.041"/>
  <system-out/>
  <testcase classname="com.poly.service.testng.HistoryServiceTest" name="testHistoryList2" time="0.004"/>
  <system-out/>
  <testcase classname="com.poly.service.testng.HistoryServiceTest" name="testHistoryAdd1" time="0.042"/>
  <system-out/>
  <testcase classname="com.poly.service.testng.HistoryServiceTest" name="testLikeVideo1" time="0.026"/>
  <system-out/>
  <testcase classname="com.poly.service.testng.HistoryServiceTest" name="testHistoryDelete2" time="0.002"/>
  <system-out/>
  <testcase classname="com.poly.service.testng.HistoryServiceTest" name="testHistoryList3" time="0.002"/>
  <system-out/>
  <testcase classname="com.poly.service.testng.HistoryServiceTest" name="testHistoryAdd3" time="0.014"/>
  <system-out/>
  <testcase classname="com.poly.service.testng.HistoryServiceTest" name="testFavoriteList2" time="0.001"/>
  <system-out/>
  <testcase classname="com.poly.service.testng.HistoryServiceTest" name="testHistoryList1" time="0.041"/>
  <system-out/>
  <testcase classname="com.poly.service.testng.HistoryServiceTest" name="testLikeVideo2" time="0.007"/>
  <system-out/>
  <testcase classname="com.poly.service.testng.HistoryServiceTest" name="testFavoriteList1" time="0.048"/>
  <system-out/>
  <testcase classname="com.poly.service.testng.HistoryServiceTest" name="testHistoryDelete4" time="0.014"/>
  <system-out/>
  <testcase classname="com.poly.service.testng.HistoryServiceTest" name="testHistoryAdd2" time="0.003"/>
  <system-out/>
  <testcase classname="com.poly.service.testng.HistoryServiceTest" name="testFavoriteList3" time="0.001"/>
  <system-out/>
</testsuite> <!-- com.poly.service.testng.HistoryServiceTest -->
