<?xml version="1.0" encoding="UTF-8"?>
<!-- Generated by org.testng.reporters.JUnitReportReporter -->
<testsuite hostname="MinhNH" failures="0" tests="7" name="com.poly.service.testng_selenium.HistoryTest" time="21.368" errors="0" timestamp="2021-12-13T08:27:15 ICT" skipped="0">
  <testcase classname="com.poly.service.testng_selenium.HistoryTest" name="processLogin" time="2.576"/>
  <system-out/>
  <testcase classname="com.poly.service.testng_selenium.HistoryTest" name="insertHistory" time="4.907"/>
  <system-out/>
  <testcase classname="com.poly.service.testng_selenium.HistoryTest" name="insertHistory" time="4.559"/>
  <system-out/>
  <testcase classname="com.poly.service.testng_selenium.HistoryTest" name="insertHistory" time="5.427"/>
  <system-out/>
  <testcase classname="com.poly.service.testng_selenium.HistoryTest" name="deleteHistoty" time="1.291"/>
  <system-out/>
  <testcase classname="com.poly.service.testng_selenium.HistoryTest" name="deleteHistoty" time="1.382"/>
  <system-out/>
  <testcase classname="com.poly.service.testng_selenium.HistoryTest" name="deleteHistoty" time="1.226"/>
  <system-out/>
</testsuite> <!-- com.poly.service.testng_selenium.HistoryTest -->
