<?xml version="1.0" encoding="UTF-8"?>
<!-- Generated by org.testng.reporters.JUnitReportReporter -->
<testsuite hostname="MinhNH" failures="0" tests="13" name="com.poly.service.testng.VideoServiceTest" time="0.212" errors="0" timestamp="2021-12-12T22:03:17 ICT" skipped="0">
  <testcase classname="com.poly.service.testng.VideoServiceTest" name="testVideoAdd1" time="0.095"/>
  <system-out/>
  <testcase classname="com.poly.service.testng.VideoServiceTest" name="testVideoList2" time="0.008"/>
  <system-out/>
  <testcase classname="com.poly.service.testng.VideoServiceTest" name="testVideoDelete2" time="0.007"/>
  <system-out/>
  <testcase classname="com.poly.service.testng.VideoServiceTest" name="testSearchVideo1" time="0.025"/>
  <system-out/>
  <testcase classname="com.poly.service.testng.VideoServiceTest" name="testSearchVideo2" time="0.008"/>
  <system-out/>
  <testcase classname="com.poly.service.testng.VideoServiceTest" name="testVideoList1" time="0.015"/>
  <system-out/>
  <testcase classname="com.poly.service.testng.VideoServiceTest" name="testVideoEdit3" time="0.007"/>
  <system-out/>
  <testcase classname="com.poly.service.testng.VideoServiceTest" name="testVideoAdd2" time="0.002"/>
  <system-out/>
  <testcase classname="com.poly.service.testng.VideoServiceTest" name="testVideoAdd3" time="0.002"/>
  <system-out/>
  <testcase classname="com.poly.service.testng.VideoServiceTest" name="testVideoEdit1" time="0.013"/>
  <system-out/>
  <testcase classname="com.poly.service.testng.VideoServiceTest" name="testVideoAdd4" time="0.007"/>
  <system-out/>
  <testcase classname="com.poly.service.testng.VideoServiceTest" name="testVideoDelete1" time="0.017"/>
  <system-out/>
  <testcase classname="com.poly.service.testng.VideoServiceTest" name="testVideoEdit2" time="0.006"/>
  <system-out/>
</testsuite> <!-- com.poly.service.testng.VideoServiceTest -->
