<?xml version="1.0" encoding="UTF-8"?>
<!-- Generated by org.testng.reporters.JUnitReportReporter -->
<testsuite hostname="MinhNH" failures="0" tests="4" name="com.poly.service.testng_selenium.LoginTest" time="36.789" errors="0" timestamp="2021-12-12T22:03:17 ICT" skipped="0">
  <testcase classname="com.poly.service.testng_selenium.LoginTest" name="processLogin" time="7.019"/>
  <system-out/>
  <testcase classname="com.poly.service.testng_selenium.LoginTest" name="processLogin" time="17.589"/>
  <system-out/>
  <testcase classname="com.poly.service.testng_selenium.LoginTest" name="processLogin" time="6.166"/>
  <system-out/>
  <testcase classname="com.poly.service.testng_selenium.LoginTest" name="processLogin" time="6.015"/>
  <system-out/>
</testsuite> <!-- com.poly.service.testng_selenium.LoginTest -->
