<?xml version="1.0" encoding="UTF-8"?>
<!-- Generated by org.testng.reporters.JUnitReportReporter -->
<testsuite hostname="MinhNH" failures="0" tests="3" name="com.poly.service.testng.LoginServiceTest" time="3.594" errors="0" timestamp="2021-12-12T22:03:17 ICT" skipped="0">
  <testcase classname="com.poly.service.testng.LoginServiceTest" name="testLogin2" time="3.446"/>
  <system-out/>
  <testcase classname="com.poly.service.testng.LoginServiceTest" name="testLogin3" time="0.006"/>
  <system-out/>
  <testcase classname="com.poly.service.testng.LoginServiceTest" name="testLogin1" time="0.142"/>
  <system-out/>
</testsuite> <!-- com.poly.service.testng.LoginServiceTest -->
