<?xml version="1.0" encoding="UTF-8"?>
<!-- Generated by org.testng.reporters.JUnitReportReporter -->
<testsuite hostname="MinhNH" failures="0" tests="4" name="com.poly.service.testng_selenium.RegisterTest" time="27.879" errors="0" timestamp="2021-12-12T22:03:17 ICT" skipped="0">
  <testcase classname="com.poly.service.testng_selenium.RegisterTest" name="processRegister" time="6.942"/>
  <system-out/>
  <testcase classname="com.poly.service.testng_selenium.RegisterTest" name="processRegister" time="7.541"/>
  <system-out/>
  <testcase classname="com.poly.service.testng_selenium.RegisterTest" name="processRegister" time="6.386"/>
  <system-out/>
  <testcase classname="com.poly.service.testng_selenium.RegisterTest" name="processRegister" time="7.010"/>
  <system-out/>
</testsuite> <!-- com.poly.service.testng_selenium.RegisterTest -->
