<?xml version="1.0" encoding="UTF-8"?>
<!-- Generated by org.testng.reporters.JUnitReportReporter -->
<testsuite hostname="MinhNH" failures="0" tests="3" name="com.poly.service.testng_selenium.ChangePassTest" time="45.650" errors="0" timestamp="2021-12-13T08:23:56 ICT" skipped="0">
  <testcase classname="com.poly.service.testng_selenium.ChangePassTest" name="changePassword" time="17.698"/>
  <system-out/>
  <testcase classname="com.poly.service.testng_selenium.ChangePassTest" name="changePassword" time="6.988"/>
  <system-out/>
  <testcase classname="com.poly.service.testng_selenium.ChangePassTest" name="changePassword" time="20.964"/>
  <system-out/>
</testsuite> <!-- com.poly.service.testng_selenium.ChangePassTest -->
